<?xml version="1.0" encoding="UTF-8"?>
<testsuite xmlns:xsi="http://www.w3.org/2001/XMLSchema-instance" xsi:noNamespaceSchemaLocation="https://maven.apache.org/surefire/maven-surefire-plugin/xsd/surefire-test-report.xsd" version="3.0.2" name="com.example.demo.DemoApplicationTests" time="4.201" tests="1" errors="0" skipped="0" failures="0">
  <properties>
[...]
</properties>
  <testcase name="contextLoads" classname="com.example.demo.DemoApplicationTests" time="1.063">
    <system-out><![CDATA[Standard Commons Logging discovery in action with spring-jcl: please remove commons-logging.jar from classpath in order to avoid potential conflicts
17:54:38.546 [main] INFO org.springframework.test.context.support.AnnotationConfigContextLoaderUtils -- Could not detect default configuration classes for test class [com.example.demo.DemoApplicationTests]: DemoApplicationTests does not declare any static, non-private, non-final, nested classes annotated with @Configuration.
17:54:38.712 [main] INFO org.springframework.boot.test.context.SpringBootTestContextBootstrapper -- Found @SpringBootConfiguration com.example.demo.DemoApplication for test class com.example.demo.DemoApplicationTests

  .   ____          _            __ _ _
 /\\ / ___'_ __ _ _(_)_ __  __ _ \ \ \ \
( ( )\___ | '_ | '_| | '_ \/ _` | \ \ \ \
 \\/  ___)| |_)| | | | | || (_| |  ) ) ) )
  '  |____| .__|_| |_|_| |_\__, | / / / /
 =========|_|==============|___/=/_/_/_/

 :: Spring Boot ::                (v3.4.3)

2025-03-13T17:54:39.367+08:00  INFO 101503 --- [demo] [           main] com.example.demo.DemoApplicationTests    : Starting DemoApplicationTests using Java 17.0.14 with PID 101503 (started by root in /share/demo)
2025-03-13T17:54:39.370+08:00  INFO 101503 --- [demo] [           main] com.example.demo.DemoApplicationTests    : No active profile set, falling back to 1 default profile: "default"
2025-03-13T17:54:41.143+08:00  WARN 101503 --- [demo] [           main] .s.s.UserDetailsServiceAutoConfiguration : 

Using generated security password: eb478879-b078-4336-946e-7dd9a9a7e7b0

This generated password is for development use only. Your security configuration must be updated before running your application in production.

2025-03-13T17:54:41.172+08:00  INFO 101503 --- [demo] [           main] r$InitializeUserDetailsManagerConfigurer : Global AuthenticationManager configured with UserDetailsService bean with name inMemoryUserDetailsManager
2025-03-13T17:54:41.384+08:00  INFO 101503 --- [demo] [           main] com.example.demo.DemoApplicationTests    : Started DemoApplicationTests in 2.474 seconds (process running for 4.031)
]]></system-out>
  </testcase>
</testsuite>